1698768680980:add n=РќР°С‚Р° f=Р”РµСЂРµРЅРѕРє a=34
1698768850145:add --n РќР°С‚Р°Р»Рё --f Р”РµСЂРµРЅРѕРє --a 34
1698771366476:add --n Nala --f Derenok --a 34
1698771387525:add --n Petr --f Petrov --a 45
1698771391538:print
1698771530370:add --n Nata --f Derenok --a 45
1698771548478:add --n Petr --f Petrov --a 34
1698771551481:print
1698771903434:add --n NAME1 --f FAM1 --a 34
1698771917520:add --n NAME@ --f FAM2 --a 45
1698771935622:add --n NAME3 --f FAM3 --a 56
1698771938632:print
1698771952739:delete
1698771967861:delete --id 1
1698771976897:delete --id 6
1698772571177:print
1698772593289:add --f FAM1 --n NAME2 --a 45
1698772599347:print
1698775719763:delete --id 1
1698775734864:add --f FAM1 --n NAME1 --a 45
1698775749966:add --f FAM2 --n NAME2 --a 56
1698775752989:printy
1698775755997:print
